<?xml version="1.0" encoding="UTF-8"?>
<testsuites>
  <testsuite name="CodeIgniter Application Test Suite" tests="3" assertions="3" failures="1" errors="0" time="11.017681">
    <testsuite name="Mensageiro_test" file="D:\wamp64\www\MensageiroTotalVoice\application\tests\controllers\Mensageiro_test.php" tests="3" assertions="3" failures="1" errors="0" time="11.017681">
      <testcase name="test_index" class="Mensageiro_test" file="D:\wamp64\www\MensageiroTotalVoice\application\tests\controllers\Mensageiro_test.php" line="6" assertions="1" time="0.010552"/>
      <testcase name="test_mensagem_falha" class="Mensageiro_test" file="D:\wamp64\www\MensageiroTotalVoice\application\tests\controllers\Mensageiro_test.php" line="12" assertions="1" time="5.396620"/>
      <testcase name="test_mensagem_sucesso" class="Mensageiro_test" file="D:\wamp64\www\MensageiroTotalVoice\application\tests\controllers\Mensageiro_test.php" line="25" assertions="1" time="5.610509">
        <failure type="PHPUnit_Framework_ExpectationFailedException">Mensageiro_test::test_mensagem_sucesso
Failed asserting that '&lt;link rel="stylesheet" href="https://maxcdn.bootstrapcdn.com/bootstrap/3.3.7/css/bootstrap.min.css" integrity="sha384-BVYiiSIFeK1dGmJRAkycuHAHRg32OmUcww7on3RYdg4Va+PmSTsz/K68vbdEjh4u" crossorigin="anonymous"&gt;
&lt;link rel="stylesheet" href="https://maxcdn.bootstrapcdn.com/bootstrap/3.3.7/css/bootstrap-theme.min.css" integrity="sha384-rHyoN1iRsVXV4nD0JutlnGaslCJuC7uwjduW9SVrLvRYooPp2bWYgmgJQIXwl/Sp" crossorigin="anonymous"&gt;
&lt;script src="https://maxcdn.bootstrapcdn.com/bootstrap/3.3.7/js/bootstrap.min.js" integrity="sha384-Tc5IQib027qvyjSMfHjOMaLkfuWVxZxUPnCJA7l2mCWNIpG9mGCD8wGNIcPD7Txa" crossorigin="anonymous"&gt;&lt;/script&gt;

&lt;style&gt;
a:hover, a:visited, a:link, a:active {
    text-decoration: none !important;
}
&lt;/style&gt;

&lt;div class="container"&gt;    
	&lt;div id="loginbox" style="margin-top:50px;" class="mainbox col-md-6 col-md-offset-3 col-sm-8 col-sm-offset-2"&gt;                    
		&lt;div class="panel panel-info" &gt;
			&lt;div class="panel-heading"&gt;
				&lt;div class="panel-title"&gt;&lt;b&gt;Falha ao enviar a mensagem :(&lt;/b&gt;&lt;/div&gt;
			&lt;/div&gt;     

			&lt;div style="padding-top:30px" class="panel-body" &gt;

				&lt;div style="display:none" id="login-alert" class="alert alert-danger col-sm-12"&gt;&lt;/div&gt;

				&lt;h5&gt;&lt;b&gt;Detalhes:&lt;/b&gt;&lt;/h5&gt;&lt;br&gt;

				HTTP/1.1 403 Forbidden
Date: Sun, 28 May 2017 21:06:32 GMT
Server: Apache
Access-Control-Allow-Origin: *
Content-Length: 184
Keep-Alive: timeout=5, max=100
Connection: Keep-Alive
Content-Type: application/json

{"status":403,"sucesso":false,"motivo":8,"mensagem":"Limite do Trial = 5 por dia. Contate o suporte em (48) 3283-0151 ou suporte@totalvoice.com.br para ativar sua conta.","dados":null}
			&lt;/div&gt;                     

		&lt;/div&gt; 

		&lt;a href="/MensageiroTotalVoice" class="btn btn-primary col-md-12 col-sm-12 col-xs-12" style="height:50px;"&gt;
			&lt;b style="font-size:22px"&gt;Voltar&lt;/b&gt;
		&lt;/a&gt;
	&lt;/div&gt;
&lt;/div&gt;' contains "Mensagem enviada com sucesso".

D:\wamp64\www\MensageiroTotalVoice\application\tests\controllers\Mensageiro_test.php:35
</failure>
      </testcase>
    </testsuite>
  </testsuite>
</testsuites>
